[14:02:16] [ServerMain/INFO]: [bootstrap] Running Java 25 (OpenJDK 64-Bit Server VM 25.0.1+8-LTS; Microsoft Microsoft-12574222) on Linux 6.8.0-1030-azure (amd64)
[14:02:16] [ServerMain/INFO]: [bootstrap] Loading Purpur 1.21.10-2535-HEAD@0a2dc04 (1970-01-01T00:00:00Z) for Minecraft 1.21.10
[14:02:17] [ServerMain/INFO]: [PluginInitializerManager] Initializing plugins...
[14:02:25] [ServerMain/INFO]: [PluginInitializerManager] Initialized 26 plugins
[14:02:25] [ServerMain/INFO]: [PluginInitializerManager] Paper plugins (3):
 - AdvancedServerList (5.7.2), PurpurExtras (1.37.0), emotecraft (3.2.0-b.build.142)
[14:02:25] [ServerMain/INFO]: [PluginInitializerManager] Bukkit plugins (23):
 - Chunky (1.4.40), ClickShop (1.0.2), Holograms (2.13), InvSeePlusPlus (0.30.15), ItemsAdder (4.0.15), LibsDisguises (11.0.14), LuckPerms (5.5.17), Maintenance (4.3.0), ModelEngine (R4.0.9), MythicMobs (5.11.1-de409cac), ProtocolLib (5.4.0), SkinsRestorer (15.9.3), SmartBackpacks (0.1), SmartMoving (EOL), SuperVanish (6.2.21), TAB (5.5.0), ViaBackwards (5.7.2-SNAPSHOT), ViaVersion (5.7.2-SNAPSHOT), nAntiBot (2.0.5), nLogin (2.0.11), packetevents (2.11.2), voicechat (2.6.11), voicechat_interaction (1.0.3)
[14:02:29] [ServerMain/INFO]: Environment: Environment[sessionHost=https://sessionserver.mojang.com, servicesHost=https://api.minecraftservices.com, profilesHost=https://api.mojang.com, name=PROD]
[14:02:31] [ServerMain/INFO]: Loaded 1461 recipes
[14:02:31] [ServerMain/INFO]: Loaded 1574 advancements
[14:02:31] [ServerMain/INFO]: [ca.spottedleaf.dataconverter.minecraft.datatypes.MCTypeRegistry] Initialising converters for DataConverter...
[14:02:32] [ServerMain/INFO]: [ca.spottedleaf.dataconverter.minecraft.datatypes.MCTypeRegistry] Finished initialising converters for DataConverter in 397.6ms
[14:02:32] [Server thread/INFO]: Starting minecraft server version 1.21.10
[14:02:32] [Server thread/INFO]: Loading properties
[14:02:32] [Server thread/INFO]: This server is running Purpur version 1.21.10-2535-HEAD@0a2dc04 (1970-01-01T00:00:00Z) (Implementing API version 1.21.10-R0.1-SNAPSHOT)
[14:02:32] [Server thread/INFO]: [spark] This server bundles the spark profiler. For more information please visit https://docs.papermc.io/paper/profiling
[14:02:32] [Server thread/INFO]: Server Ping Player Sample Count: 12
[14:02:32] [Server thread/INFO]: Using 4 threads for Netty based IO
[14:02:33] [Server thread/INFO]: [MoonriseCommon] Paper is using 1 worker threads, 1 I/O threads
[14:02:33] [Server thread/INFO]: Default game type: SURVIVAL
[14:02:33] [Server thread/INFO]: Generating keypair
[14:02:33] [Server thread/INFO]: Starting Minecraft server on *:25565
[14:02:33] [Server thread/INFO]: Using epoll channel type
[14:02:33] [Server thread/INFO]: Paper: Using libdeflate (Linux x86_64) compression from Velocity.
[14:02:33] [Server thread/INFO]: Paper: Using OpenSSL 3.x.x (Linux x86_64) cipher from Velocity.
[14:02:34] [Server thread/INFO]: [SpigotLibraryLoader] [MythicMobs] Loading 4 libraries... please wait
[14:02:34] [Server thread/INFO]: [SpigotLibraryLoader] [MythicMobs] Loaded library /workspaces/Server-de-Minecraft/server/libraries/net/kyori/adventure-api/4.16.0/adventure-api-4.16.0.jar
[14:02:34] [Server thread/INFO]: [SpigotLibraryLoader] [MythicMobs] Loaded library /workspaces/Server-de-Minecraft/server/libraries/net/kyori/adventure-key/4.16.0/adventure-key-4.16.0.jar
[14:02:34] [Server thread/INFO]: [SpigotLibraryLoader] [MythicMobs] Loaded library /workspaces/Server-de-Minecraft/server/libraries/net/kyori/examination-api/1.3.0/examination-api-1.3.0.jar
[14:02:34] [Server thread/INFO]: [SpigotLibraryLoader] [MythicMobs] Loaded library /workspaces/Server-de-Minecraft/server/libraries/net/kyori/examination-string/1.3.0/examination-string-1.3.0.jar
[14:02:34] [Server thread/INFO]: [SpigotLibraryLoader] [MythicMobs] Loaded library /workspaces/Server-de-Minecraft/server/libraries/org/jetbrains/annotations/24.1.0/annotations-24.1.0.jar
[14:02:34] [Server thread/INFO]: [SpigotLibraryLoader] [MythicMobs] Loaded library /workspaces/Server-de-Minecraft/server/libraries/net/kyori/adventure-platform-bukkit/4.3.2/adventure-platform-bukkit-4.3.2.jar
[14:02:34] [Server thread/INFO]: [SpigotLibraryLoader] [MythicMobs] Loaded library /workspaces/Server-de-Minecraft/server/libraries/net/kyori/adventure-platform-api/4.3.2/adventure-platform-api-4.3.2.jar
[14:02:34] [Server thread/INFO]: [SpigotLibraryLoader] [MythicMobs] Loaded library /workspaces/Server-de-Minecraft/server/libraries/net/kyori/adventure-text-serializer-bungeecord/4.3.2/adventure-text-serializer-bungeecord-4.3.2.jar
[14:02:34] [Server thread/INFO]: [SpigotLibraryLoader] [MythicMobs] Loaded library /workspaces/Server-de-Minecraft/server/libraries/net/kyori/adventure-text-serializer-legacy/4.13.1/adventure-text-serializer-legacy-4.13.1.jar
[14:02:34] [Server thread/INFO]: [SpigotLibraryLoader] [MythicMobs] Loaded library /workspaces/Server-de-Minecraft/server/libraries/net/kyori/adventure-nbt/4.13.1/adventure-nbt-4.13.1.jar
[14:02:34] [Server thread/INFO]: [SpigotLibraryLoader] [MythicMobs] Loaded library /workspaces/Server-de-Minecraft/server/libraries/net/kyori/adventure-text-serializer-gson-legacy-impl/4.13.1/adventure-text-serializer-gson-legacy-impl-4.13.1.jar
[14:02:34] [Server thread/INFO]: [SpigotLibraryLoader] [MythicMobs] Loaded library /workspaces/Server-de-Minecraft/server/libraries/net/kyori/adventure-platform-facet/4.3.2/adventure-platform-facet-4.3.2.jar
[14:02:34] [Server thread/INFO]: [SpigotLibraryLoader] [MythicMobs] Loaded library /workspaces/Server-de-Minecraft/server/libraries/net/kyori/adventure-platform-viaversion/4.3.2/adventure-platform-viaversion-4.3.2.jar
[14:02:34] [Server thread/INFO]: [SpigotLibraryLoader] [MythicMobs] Loaded library /workspaces/Server-de-Minecraft/server/libraries/net/kyori/adventure-text-minimessage/4.16.0/adventure-text-minimessage-4.16.0.jar
[14:02:34] [Server thread/INFO]: [SpigotLibraryLoader] [MythicMobs] Loaded library /workspaces/Server-de-Minecraft/server/libraries/net/kyori/adventure-text-serializer-gson/4.16.0/adventure-text-serializer-gson-4.16.0.jar
[14:02:34] [Server thread/INFO]: [SpigotLibraryLoader] [MythicMobs] Loaded library /workspaces/Server-de-Minecraft/server/libraries/net/kyori/adventure-text-serializer-json/4.16.0/adventure-text-serializer-json-4.16.0.jar
[14:02:34] [Server thread/INFO]: [SpigotLibraryLoader] [MythicMobs] Loaded library /workspaces/Server-de-Minecraft/server/libraries/net/kyori/option/1.0.0/option-1.0.0.jar
[14:02:34] [Server thread/INFO]: [SpigotLibraryLoader] [MythicMobs] Loaded library /workspaces/Server-de-Minecraft/server/libraries/com/google/code/gson/gson/2.8.0/gson-2.8.0.jar
[14:02:34] [Server thread/INFO]: [SpigotLibraryLoader] [ModelEngine] Loading 3 libraries... please wait
[14:02:34] [Server thread/INFO]: [SpigotLibraryLoader] [ModelEngine] Loaded library /workspaces/Server-de-Minecraft/server/libraries/net/kyori/adventure-api/4.14.0/adventure-api-4.14.0.jar
[14:02:34] [Server thread/INFO]: [SpigotLibraryLoader] [ModelEngine] Loaded library /workspaces/Server-de-Minecraft/server/libraries/net/kyori/adventure-key/4.14.0/adventure-key-4.14.0.jar
[14:02:34] [Server thread/INFO]: [SpigotLibraryLoader] [ModelEngine] Loaded library /workspaces/Server-de-Minecraft/server/libraries/net/kyori/examination-api/1.3.0/examination-api-1.3.0.jar
[14:02:34] [Server thread/INFO]: [SpigotLibraryLoader] [ModelEngine] Loaded library /workspaces/Server-de-Minecraft/server/libraries/net/kyori/examination-string/1.3.0/examination-string-1.3.0.jar
[14:02:34] [Server thread/INFO]: [SpigotLibraryLoader] [ModelEngine] Loaded library /workspaces/Server-de-Minecraft/server/libraries/org/jetbrains/annotations/24.0.1/annotations-24.0.1.jar
[14:02:34] [Server thread/INFO]: [SpigotLibraryLoader] [ModelEngine] Loaded library /workspaces/Server-de-Minecraft/server/libraries/net/kyori/adventure-text-serializer-gson/4.14.0/adventure-text-serializer-gson-4.14.0.jar
[14:02:34] [Server thread/INFO]: [SpigotLibraryLoader] [ModelEngine] Loaded library /workspaces/Server-de-Minecraft/server/libraries/net/kyori/adventure-text-serializer-json/4.14.0/adventure-text-serializer-json-4.14.0.jar
[14:02:34] [Server thread/INFO]: [SpigotLibraryLoader] [ModelEngine] Loaded library /workspaces/Server-de-Minecraft/server/libraries/com/google/code/gson/gson/2.8.0/gson-2.8.0.jar
[14:02:34] [Server thread/INFO]: [SpigotLibraryLoader] [ModelEngine] Loaded library /workspaces/Server-de-Minecraft/server/libraries/net/kyori/adventure-text-serializer-bungeecord/4.3.0/adventure-text-serializer-bungeecord-4.3.0.jar
[14:02:34] [Server thread/INFO]: [SpigotLibraryLoader] [ModelEngine] Loaded library /workspaces/Server-de-Minecraft/server/libraries/net/kyori/adventure-text-serializer-legacy/4.13.0/adventure-text-serializer-legacy-4.13.0.jar
[14:02:35] [Server thread/INFO]: [ViaVersion] Loading server plugin ViaVersion v5.7.2-SNAPSHOT
[14:02:35] [Server thread/INFO]: [ViaVersion] ViaVersion 5.7.2-SNAPSHOT is now loaded. Registering protocol transformers and injecting...
[14:02:36] [Via-Mappingloader-1/INFO]: [ViaVersion] Loading block connection mappings ...
[14:02:36] [Via-Mappingloader-1/INFO]: [ViaVersion] Using FastUtil Long2ObjectOpenHashMap for block connections
[14:02:36] [Server thread/INFO]: [ViaBackwards] Loading translations...
[14:02:36] [Server thread/INFO]: [ViaBackwards] Registering protocols...
[14:02:37] [Server thread/INFO]: [ProtocolLib] Loading server plugin ProtocolLib v5.4.0
[14:02:37] [Server thread/WARN]: [ProtocolLib] Version (MC: 1.21.10) has not yet been tested! Proceed with caution.
[14:02:37] [Server thread/INFO]: [ViaBackwards] Loading server plugin ViaBackwards v5.7.2-SNAPSHOT
[14:02:37] [Server thread/INFO]: [packetevents] Loading server plugin packetevents v2.11.2
[14:02:39] [Server thread/INFO]: [Holograms] Loading server plugin Holograms v2.13
[14:02:39] [Server thread/INFO]: [LibsDisguises] Loading server plugin LibsDisguises v11.0.14
[14:02:39] [Server thread/INFO]: [LuckPerms] Loading server plugin LuckPerms v5.5.17
[14:02:40] [Server thread/INFO]: [LuckPerms] Loading configuration...
[14:02:40] [Server thread/INFO]: [MythicMobs] Loading server plugin MythicMobs v5.11.1-de409cac
[14:02:40] [Server thread/INFO]: [LumineUtils] (io.lumine.mythic.bukkit.utils.) is bound to plugin MythicMobs - io.lumine.mythic.bukkit.MythicBukkit
[14:02:40] [Server thread/INFO]: [MythicMobs] §x§f§f§0§0§0§0M§x§f§f§6§6§0§0y§x§f§f§c§c§0§0t§x§c§b§f§f§0§0h§x§6§5§f§f§0§0i§x§0§0§f§f§0§0c§x§0§0§f§f§6§6 §x§0§0§f§f§c§bE§x§0§0§c§b§f§fn§x§0§0§6§5§f§fa§x§0§0§0§0§f§fb§x§6§6§0§0§f§fl§x§c§c§0§0§f§fe§x§f§f§0§0§c§cd§x§f§f§0§0§6§6!
[14:02:40] [Server thread/INFO]: [voicechat] Loading server plugin voicechat v2.6.11
[14:02:40] [Server thread/INFO]: [Maintenance] Loading server plugin Maintenance v4.3.0
[14:02:40] [Server thread/INFO]: [ModelEngine] Loading server plugin ModelEngine vR4.0.9
[14:02:40] [Server thread/INFO]: [InvSee++] Loading server plugin InvSeePlusPlus v0.30.15
[14:02:40] [Server thread/INFO]: [PurpurExtras] Loading server plugin PurpurExtras v1.37.0
[14:02:40] [Server thread/INFO]: [ClickShop] Loading server plugin ClickShop v1.0.2
[14:02:40] [Server thread/INFO]: [voicechat_interaction] Loading server plugin voicechat_interaction v1.0.3
[14:02:40] [Server thread/INFO]: [SkinsRestorer] Loading server plugin SkinsRestorer v15.9.3
[14:02:40] [Server thread/INFO]: [Chunky] Loading server plugin Chunky v1.4.40
[14:02:40] [Server thread/INFO]: [SmartBackpacks] Loading server plugin SmartBackpacks v0.1
[14:02:40] [Server thread/INFO]: [nLogin] Loading server plugin nLogin v2.0.11
[14:02:41] [Server thread/INFO]: [nAntiBot] Loading server plugin nAntiBot v2.0.5
[14:02:42] [Server thread/INFO]: [AdvancedServerList] Loading server plugin AdvancedServerList v5.7.2
[14:02:42] [Server thread/INFO]: [SuperVanish] Loading server plugin SuperVanish v6.2.21
[14:02:42] [Server thread/INFO]: [ItemsAdder] Loading server plugin ItemsAdder v4.0.15
[14:02:42] [Server thread/INFO]: [ItemsAdder] Loading library FastNbt-jar (remapped)...
[14:02:43] [Server thread/INFO]: [ItemsAdder] Loading library httpmime...
[14:02:43] [Server thread/INFO]: [ItemsAdder] Loading library httpclient
[14:02:43] [Server thread/INFO]: [ItemsAdder] Loading library httpcore
[14:02:43] [Server thread/INFO]: [ItemsAdder] Loading library commons-logging
[14:02:43] [Server thread/INFO]: [ItemsAdder] Loading library commons-codec
[14:02:43] [Server thread/INFO]: [ItemsAdder] Loading library commons-math3...
[14:02:43] [Server thread/INFO]: [ItemsAdder] Loading library speedy-math...
[14:02:43] [Server thread/INFO]: [ItemsAdder] Loading library jansi...
[14:02:43] [Server thread/INFO]: [ItemsAdder] Loading library fastjson...
[14:02:43] [Server thread/INFO]: [ItemsAdder] Loading library fastjson2-extension
[14:02:43] [Server thread/INFO]: [ItemsAdder] Loading library fastjson2
[14:02:43] [Server thread/INFO]: [ItemsAdder] Loading library json-path...
[14:02:43] [Server thread/INFO]: [ItemsAdder] Loading library json-smart
[14:02:43] [Server thread/INFO]: [ItemsAdder] Loading library accessors-smart
[14:02:43] [Server thread/INFO]: [ItemsAdder] Loading library asm
[14:02:43] [Server thread/INFO]: [ItemsAdder] Loading library slf4j-api
[14:02:43] [Server thread/INFO]: [ItemsAdder] Loading library armor-equip-event...
[14:02:43] [Server thread/INFO]: [ItemsAdder] Loading library glowingentities...
[14:02:43] [Server thread/INFO]: [ItemsAdder] Loading library reflection-remapper
[14:02:43] [Server thread/INFO]: [ItemsAdder] Loading library adventure-api...
[14:02:43] [Server thread/INFO]: [ItemsAdder] Loading library adventure-key
[14:02:43] [Server thread/INFO]: [ItemsAdder] Loading library examination-api
[14:02:43] [Server thread/INFO]: [ItemsAdder] Loading library examination-string
[14:02:43] [Server thread/INFO]: [ItemsAdder] Loading library annotations
[14:02:43] [Server thread/INFO]: [ItemsAdder] Loading library adventure-text-minimessage...
[14:02:43] [Server thread/INFO]: [ItemsAdder] Loading library adventure-api
[14:02:43] [Server thread/INFO]: [ItemsAdder] Loading library adventure-key
[14:02:43] [Server thread/INFO]: [ItemsAdder] Loading library examination-api
[14:02:43] [Server thread/INFO]: [ItemsAdder] Loading library examination-string
[14:02:43] [Server thread/INFO]: [ItemsAdder] Loading library annotations
[14:02:43] [Server thread/INFO]: [ItemsAdder] Loading library adventure-text-serializer-gson...
[14:02:43] [Server thread/INFO]: [ItemsAdder] Loading library adventure-text-serializer-json
[14:02:43] [Server thread/INFO]: [ItemsAdder] Loading library adventure-api
[14:02:43] [Server thread/INFO]: [ItemsAdder] Loading library adventure-key
[14:02:43] [Server thread/INFO]: [ItemsAdder] Loading library examination-api
[14:02:43] [Server thread/INFO]: [ItemsAdder] Loading library examination-string
[14:02:43] [Server thread/INFO]: [ItemsAdder] Loading library option
[14:02:43] [Server thread/INFO]: [ItemsAdder] Loading library jspecify
[14:02:43] [Server thread/INFO]: [ItemsAdder] Loading library gson
[14:02:43] [Server thread/INFO]: [ItemsAdder] Loading library auto-service-annotations
[14:02:43] [Server thread/INFO]: [ItemsAdder] Loading library adventure-text-serializer-commons
[14:02:43] [Server thread/INFO]: [ItemsAdder] Loading library annotations
[14:02:43] [Server thread/INFO]: [ItemsAdder] Loading library adventure-text-serializer-gson-legacy-impl...
[14:02:43] [Server thread/INFO]: [ItemsAdder] Loading library adventure-text-serializer-gson
[14:02:43] [Server thread/INFO]: [ItemsAdder] Loading library adventure-text-serializer-json
[14:02:43] [Server thread/INFO]: [ItemsAdder] Loading library option
[14:02:43] [Server thread/INFO]: [ItemsAdder] Loading library jspecify
[14:02:43] [Server thread/INFO]: [ItemsAdder] Loading library gson
[14:02:43] [Server thread/INFO]: [ItemsAdder] Loading library auto-service-annotations
[14:02:43] [Server thread/INFO]: [ItemsAdder] Loading library adventure-text-serializer-commons
[14:02:43] [Server thread/INFO]: [ItemsAdder] Loading library annotations
[14:02:43] [Server thread/INFO]: [ItemsAdder] Loading library adventure-text-serializer-json-legacy-impl
[14:02:43] [Server thread/INFO]: [ItemsAdder] Loading library adventure-api
[14:02:43] [Server thread/INFO]: [ItemsAdder] Loading library adventure-key
[14:02:43] [Server thread/INFO]: [ItemsAdder] Loading library examination-api
[14:02:43] [Server thread/INFO]: [ItemsAdder] Loading library examination-string
[14:02:43] [Server thread/INFO]: [ItemsAdder] Loading library adventure-nbt
[14:02:43] [Server thread/INFO]: [ItemsAdder] Loading library adventure-platform-bukkit...
[14:02:43] [Server thread/INFO]: [ItemsAdder] Loading library adventure-platform-api
[14:02:43] [Server thread/INFO]: [ItemsAdder] Loading library adventure-api
[14:02:43] [Server thread/INFO]: [ItemsAdder] Loading library adventure-key
[14:02:43] [Server thread/INFO]: [ItemsAdder] Loading library adventure-text-serializer-bungeecord
[14:02:43] [Server thread/INFO]: [ItemsAdder] Loading library adventure-text-serializer-legacy
[14:02:43] [Server thread/INFO]: [ItemsAdder] Loading library adventure-nbt
[14:02:43] [Server thread/INFO]: [ItemsAdder] Loading library examination-api
[14:02:43] [Server thread/INFO]: [ItemsAdder] Loading library examination-string
[14:02:43] [Server thread/INFO]: [ItemsAdder] Loading library annotations
[14:02:43] [Server thread/INFO]: [ItemsAdder] Loading library adventure-text-serializer-gson
[14:02:43] [Server thread/INFO]: [ItemsAdder] Loading library adventure-text-serializer-json
[14:02:43] [Server thread/INFO]: [ItemsAdder] Loading library option
[14:02:43] [Server thread/INFO]: [ItemsAdder] Loading library jspecify
[14:02:43] [Server thread/INFO]: [ItemsAdder] Loading library auto-service-annotations
[14:02:43] [Server thread/INFO]: [ItemsAdder] Loading library adventure-text-serializer-commons
[14:02:43] [Server thread/INFO]: [ItemsAdder] Loading library adventure-text-serializer-gson-legacy-impl
[14:02:43] [Server thread/INFO]: [ItemsAdder] Loading library adventure-text-serializer-json-legacy-impl
[14:02:43] [Server thread/INFO]: [ItemsAdder] Loading library adventure-platform-facet
[14:02:43] [Server thread/INFO]: [ItemsAdder] Loading library adventure-platform-viaversion
[14:02:44] [Server thread/INFO]: [emotecraft] Loading server plugin emotecraft v3.2.0-b.build.142
[14:02:44] [Server thread/ERROR]: [emotecraft] Error initializing plugin 'emotecraft-paper-for-MC1.21.11-3.2.0-b.build.142.jar' in folder 'plugins' (Is it up to date?)
java.lang.NoClassDefFoundError: net/minecraft/resources/Identifier
	at emotecraft-paper-for-MC1.21.11-3.2.0-b.build.142.jar/io.github.kosmx.emotes.bukkit.BukkitWrapper.onLoad(BukkitWrapper.java:32) ~[emotecraft-paper-for-MC1.21.11-3.2.0-b.build.142.jar:?]
	at io.papermc.paper.plugin.storage.ServerPluginProviderStorage.processProvided(ServerPluginProviderStorage.java:59) ~[purpur-1.21.10.jar:1.21.10-2535-0a2dc04]
	at io.papermc.paper.plugin.storage.ServerPluginProviderStorage.processProvided(ServerPluginProviderStorage.java:18) ~[purpur-1.21.10.jar:1.21.10-2535-0a2dc04]
	at io.papermc.paper.plugin.storage.SimpleProviderStorage.enter(SimpleProviderStorage.java:39) ~[purpur-1.21.10.jar:1.21.10-2535-0a2dc04]
	at io.papermc.paper.plugin.entrypoint.LaunchEntryPointHandler.enter(LaunchEntryPointHandler.java:39) ~[purpur-1.21.10.jar:1.21.10-2535-0a2dc04]
	at org.bukkit.craftbukkit.CraftServer.loadPlugins(CraftServer.java:569) ~[purpur-1.21.10.jar:1.21.10-2535-0a2dc04]
	at net.minecraft.server.dedicated.DedicatedServer.initServer(DedicatedServer.java:357) ~[purpur-1.21.10.jar:1.21.10-2535-0a2dc04]
	at net.minecraft.server.MinecraftServer.runServer(MinecraftServer.java:1272) ~[purpur-1.21.10.jar:1.21.10-2535-0a2dc04]
	at net.minecraft.server.MinecraftServer.lambda$spin$2(MinecraftServer.java:388) ~[purpur-1.21.10.jar:1.21.10-2535-0a2dc04]
	at java.base/java.lang.Thread.run(Thread.java:1474) ~[?:?]
Caused by: java.lang.ClassNotFoundException: net.minecraft.resources.Identifier
	at io.papermc.paper.plugin.entrypoint.classloader.PaperPluginClassLoader.loadClass(PaperPluginClassLoader.java:146) ~[purpur-1.21.10.jar:1.21.10-2535-0a2dc04]
	at io.papermc.paper.plugin.entrypoint.classloader.PaperPluginClassLoader.loadClass(PaperPluginClassLoader.java:107) ~[purpur-1.21.10.jar:1.21.10-2535-0a2dc04]
	at java.base/java.lang.ClassLoader.loadClass(ClassLoader.java:490) ~[?:?]
	... 10 more
[14:02:44] [Server thread/INFO]: [TAB] Loading server plugin TAB v5.5.0
[14:02:44] [Server thread/INFO]: [SmartMoving] Loading server plugin SmartMoving vEOL
[14:02:44] [Server thread/INFO]: Server permissions file permissions.yml is empty, ignoring it
[14:02:44] [Server thread/INFO]: [ProtocolLib] Enabling ProtocolLib v5.4.0
[14:02:44] [Server thread/INFO]: [LuckPerms] Enabling LuckPerms v5.5.17
[14:02:44] [Server thread/INFO]:         __    
[14:02:44] [Server thread/INFO]:   |    |__)   LuckPerms v5.5.17
[14:02:44] [Server thread/INFO]:   |___ |      Running on Bukkit - Purpur
[14:02:44] [Server thread/INFO]: 
[14:02:45] [Server thread/INFO]: [LuckPerms] Loading storage provider... [H2]
[14:02:45] [Server thread/INFO]: [LuckPerms] Loading internal permission managers...
[14:02:46] [Server thread/INFO]: [LuckPerms] Performing initial data load...
[14:02:46] [Server thread/INFO]: [LuckPerms] Successfully enabled. (took 1786ms)
[14:02:46] [Server thread/INFO]: [ModelEngine] Enabling ModelEngine vR4.0.9
[14:02:46] [Server thread/INFO]: [ModelEngine] [S] Loading cache version: R4.0.8
[14:02:47] [Server thread/WARN]: [ModelEngine] [S] Unable to activate MineSkin skin generation: Empty API Key
[14:02:47] [Server thread/INFO]: [ModelEngine] [S] Loading default skin: Steve
[14:02:47] [Server thread/INFO]: [ModelEngine] [S] Registered default skin: Steve
[14:02:47] [Server thread/INFO]: [ModelEngine] [S] Loading default skin: Alex
[14:02:47] [ForkJoinPool.commonPool-worker-1/INFO]: [ModelEngine] [A] Registered default skin: Alex
[14:02:47] [Server thread/INFO]: [SkinsRestorer] Enabling SkinsRestorer v15.9.3
[14:02:47] [Server thread/INFO]: [SkinsRestorer] Running on Minecraft 1.21.10.
[14:02:48] [Server thread/INFO]: [SkinsRestorer] Using paper join listener!
[14:02:48] [Server thread/INFO]: [nLogin] Enabling nLogin v2.0.11
[14:02:48] [Folia Async Scheduler Thread #1/INFO]: [SkinsRestorer] ----------------------------------------------
[14:02:48] [Folia Async Scheduler Thread #1/INFO]: [SkinsRestorer]     +==================+
[14:02:48] [Folia Async Scheduler Thread #1/INFO]: [SkinsRestorer]     |   SkinsRestorer  |
[14:02:48] [Folia Async Scheduler Thread #1/INFO]: [SkinsRestorer]     |------------------|
[14:02:48] [Folia Async Scheduler Thread #1/INFO]: [SkinsRestorer]     |  Standalone Mode |
[14:02:48] [Folia Async Scheduler Thread #1/INFO]: [SkinsRestorer]     +==================+
[14:02:48] [Folia Async Scheduler Thread #1/INFO]: [SkinsRestorer] ----------------------------------------------
[14:02:48] [Folia Async Scheduler Thread #1/INFO]: [SkinsRestorer]     Version: 15.9.3
[14:02:48] [Folia Async Scheduler Thread #1/INFO]: [SkinsRestorer]     Commit: 989bf18
[14:02:48] [Folia Async Scheduler Thread #1/INFO]: [SkinsRestorer]     This is the latest version!
[14:02:48] [Folia Async Scheduler Thread #1/INFO]: [SkinsRestorer] ----------------------------------------------
[14:02:48] [Folia Async Scheduler Thread #1/INFO]: [SkinsRestorer] Do you have issues? Read our troubleshooting guide: https://skinsrestorer.net/docs/troubleshooting
[14:02:48] [Folia Async Scheduler Thread #1/INFO]: [SkinsRestorer] Want to support SkinsRestorer? Consider donating: https://skinsrestorer.net/donate
[14:02:48] [Server thread/INFO]: [nLogin] Successful plugin core start (took 0.13s)
[14:02:48] [Server thread/INFO]: [nLogin]           __             _       
[14:02:48] [Server thread/INFO]: [nLogin]   _ __   / /  ___   __ _(_)_ __  
[14:02:48] [Server thread/INFO]: [nLogin]  | '_ \ / /  / _ \ / _` | | '_ \ 
[14:02:48] [Server thread/INFO]: [nLogin]  | | | / /__| (_) | (_| | | | | |
[14:02:48] [Server thread/INFO]: [nLogin]  |_| |_\____/\___/ \__, |_|_| |_|
[14:02:48] [Server thread/INFO]: [nLogin]                   |___/            
[14:02:48] [Server thread/INFO]: [nLogin]  By: www.nickuc.com - V 2.0.11
[14:02:48] [Server thread/INFO]: [nLogin]  
[14:02:50] [Server thread/INFO]: [nAntiBot] Enabling nAntiBot v2.0.5
[14:02:50] [Server thread/INFO]: [nAntiBot] Successful plugin core start (took 0.20s)
[14:02:50] [Server thread/INFO]: [nAntiBot]           _         _   _   ___       _   
[14:02:50] [Server thread/INFO]: [nAntiBot]   _ __   /_\  _ __ | |_(_) / __\ ___ | |_ 
[14:02:50] [Server thread/INFO]: [nAntiBot]  | '_ \ //_\\| '_ \| __| |/__\/// _ \| __|
[14:02:50] [Server thread/INFO]: [nAntiBot]  | | | /  _  \ | | | |_| / \/  \ (_) | |_ 
[14:02:50] [Server thread/INFO]: [nAntiBot]  |_| |_\_/ \_/_| |_|\__|_\_____/\___/ \__|
[14:02:50] [Server thread/INFO]: [nAntiBot]                                          
[14:02:50] [Server thread/INFO]: [nAntiBot]  By: www.nickuc.com - V 2.0.5
[14:02:50] [Server thread/INFO]: [nAntiBot] 
[14:02:51] [Server thread/WARN]: **** SERVER IS RUNNING IN OFFLINE/INSECURE MODE!
[14:02:51] [Server thread/WARN]: The server will make no attempt to authenticate usernames. Beware.
[14:02:51] [Server thread/WARN]: While this makes the game possible to play without internet access, it also opens up the ability for hackers to connect with any username they choose.
[14:02:51] [Server thread/WARN]: To change this, set "online-mode" to "true" in the server.properties file.
[14:02:51] [Folia Async Scheduler Thread #2/INFO]: [nAntiBot] Connecting to the remote server antibot.nickuc.com...
[14:02:51] [Server thread/INFO]: Preparing level "world"
[14:02:52] [Server thread/INFO]: Loading 0 persistent chunks for world 'minecraft:overworld'...
[14:02:52] [Server thread/INFO]: Preparing spawn area: 100%
[14:02:52] [Server thread/INFO]: Prepared spawn area in 1 ms
[14:02:52] [Server thread/INFO]: Loading 0 persistent chunks for world 'minecraft:the_nether'...
[14:02:52] [Server thread/INFO]: Prepared spawn area in 2 ms
[14:02:52] [Server thread/INFO]: Loading 0 persistent chunks for world 'minecraft:the_end'...
[14:02:52] [Server thread/INFO]: Prepared spawn area in 2 ms
[14:02:52] [Server thread/INFO]: Done preparing level "world" (0.681s)
[14:02:52] [Server thread/INFO]: [ViaVersion] Enabling ViaVersion v5.7.2-SNAPSHOT
[14:02:52] [Server thread/INFO]: [ViaVersion] ViaVersion detected server version: 1.21.9-1.21.10 (773)
[14:02:52] [Server thread/INFO]: [ModelEngine] [S] Compatibility applied: ViaVersion
[14:02:52] [Server thread/INFO]: [ViaBackwards] Enabling ViaBackwards v5.7.2-SNAPSHOT
[14:02:52] [Server thread/INFO]: [packetevents] Enabling packetevents v2.11.2
[14:02:52] [packetevents-update-check-thread/INFO]: [packetevents] Checking for updates, please wait...
[14:02:52] [Server thread/INFO]: [Holograms] Enabling Holograms v2.13
[14:02:52] [Server thread/ERROR]: [Holograms] The plugin couldn't create the NMS controller instance and has been disabled. This is likelydue to no supported Hologram implementation for your CraftBukkit/Spigot version.
[14:02:52] [Server thread/INFO]: [Holograms] Disabling Holograms v2.13
[14:02:52] [Server thread/INFO]: [LibsDisguises] Enabling LibsDisguises v11.0.14
[14:02:52] [Server thread/INFO]: [LibsDisguises] File Name: LibsDisguises-11.0.14-Free.jar
[14:02:52] [Server thread/INFO]: [LibsDisguises] Discovered nms version (LD: v1_21_R6) (MC: 1.21.10)
[14:02:52] [Server thread/INFO]: [LibsDisguises] Jenkins Build: #1729
[14:02:52] [Server thread/INFO]: [LibsDisguises] Build Date: 27/12/2025 00:48
[14:02:52] [Server thread/INFO]: [LibsDisguises] Build Hash: c93e045b~1
[14:02:52] [Server thread/INFO]: [LibsDisguises] If you own the plugin, place the premium jar downloaded from https://www.spigotmc.org/resources/libs-disguises.32453/ in plugins/LibsDisguises/
[14:02:52] [Server thread/INFO]: [LibsDisguises] You are running the free version, commands limited to non-players and operators. (Console, Command Blocks, Admins)
[14:02:52] [Server thread/INFO]: [LibsDisguises] Config 'TallSelfDisguises' is set to 'SCALED', LD will scale down (when possible) oversized disguises from self disguise. https://www.spigotmc.org/wiki/lib-s-disguises-faq/#tall-disguises-self-disguises
[14:02:52] [packetevents-update-check-thread/INFO]: [packetevents] You are running the latest release of PacketEvents. Your build: (2.11.2)
[14:02:52] [Server thread/INFO]: [com.github.retrooper.packetevents.PacketEventsAPI] Loading block mappings for V_1_21_9/20...
[14:02:53] [Server thread/INFO]: [com.github.retrooper.packetevents.PacketEventsAPI] Finished loading block mappings for V_1_21_9/20 in 388.415959ms
[14:02:54] [Server thread/INFO]: [LibsDisguises] Config is up to date!
[14:02:54] [Server thread/INFO]: [ModelEngine] [S] Compatibility applied: LibsDisguises
[14:02:54] [Server thread/INFO]: [MythicMobs] Enabling MythicMobs v5.11.1-de409cac
[14:02:54] [Server thread/INFO]: [MythicMobs] Loading MythicMobs for Paper (MC: 1.21.10)...
[14:02:54] [Server thread/INFO]: [MythicMobs] The server is running Paper; enabled Paper exclusive functionality
[14:02:56] [Server thread/INFO]: [MythicMobs] Mythic LibsDisguises Support has been enabled!
[14:02:59] [Server thread/INFO]: [MythicMobs] Loading Packs...
[14:02:59] [Server thread/INFO]: [MythicMobs] Loading Items...
[14:02:59] [Server thread/INFO]: [MythicMobs] Loading Item Groups...
[14:02:59] [Server thread/INFO]: [MythicMobs] All items loaded after 36ms!
[14:02:59] [Server thread/INFO]: [MythicMobs] Loading Skills...
[14:02:59] [Server thread/INFO]: [MythicMobs] Loading Drop Tables...
[14:02:59] [Server thread/INFO]: [MythicMobs] Loading Random Spawns...
[14:02:59] [Server thread/INFO]: [MythicMobs] Loading Spawn Blocks...
[14:02:59] [Server thread/INFO]: [MythicMobs] Second passes loaded after 17ms!
[14:02:59] [Server thread/INFO]: [MythicMobs] ✓ Loaded 13 mobs.
[14:02:59] [Server thread/INFO]: [MythicMobs] ✓ Loaded 6 vanilla mob overrides.
[14:02:59] [Server thread/INFO]: [MythicMobs] ✓ Loaded 0 mob stacks.
[14:02:59] [Server thread/INFO]: [MythicMobs] ✓ Loaded 3 skills.
[14:02:59] [Server thread/INFO]: [MythicMobs] ✓ Loaded 14 random spawns.
[14:02:59] [Server thread/INFO]: [MythicMobs] ✓ Loaded 3 mythic items.
[14:02:59] [Server thread/INFO]: [MythicMobs] ✓ Loaded 2 drop tables.
[14:02:59] [Server thread/INFO]: [MythicMobs] ✓ Loaded 0 mob spawners.
[14:02:59] [Server thread/INFO]: [MythicMobs] MythicMobs configuration file loaded successfully.
[14:02:59] [Server thread/INFO]: [MythicMobs] Started up bStats Metrics
[14:02:59] [Server thread/INFO]: [MythicMobs] ✓ MythicMobs v5.11.1 ( build de409cac ) has been successfully loaded!
[14:03:01] [Server thread/INFO]: [MythicMobs] Model Engine Compatibility Loaded.
[14:03:01] [Server thread/INFO]: [ModelEngine] [S] Compatibility applied: MythicMobs
[14:03:01] [Server thread/INFO]: [voicechat] Enabling voicechat v2.6.11
[14:03:01] [Server thread/INFO]: [voicechat] Initializing compatibility for version 1.21.10-R0.1
[14:03:01] [Server thread/INFO]: [voicechat] Compatibility version 20
[14:03:01] [Server thread/INFO]: [voicechat] Successfully initialized commodore command completion
[14:03:01] [Server thread/INFO]: [voicechat] Successfully added ViaVersion mappings
[14:03:01] [Server thread/INFO]: [Maintenance] Enabling Maintenance v4.3.0
[14:03:01] [Server thread/INFO]: [InvSee++] Enabling InvSeePlusPlus v0.30.15
[14:03:01] [Server thread/INFO]: [InvSee++] Detected server software: Paper version 1.21.10
[14:03:01] [Server thread/INFO]: [PurpurExtras] Enabling PurpurExtras v1.37.0
[14:03:01] [Server thread/INFO]: [org.purpurmc.purpurextras.reflections.Reflections] Reflections took 47 ms to scan 1 urls, producing 3 keys and 69 values
[14:03:01] [Server thread/INFO]: [ClickShop] Enabling ClickShop v1.0.2
[14:03:01] [Server thread/INFO]: [ClickShop] ClickShop activated.
[14:03:01] [Server thread/INFO]: [voicechat_interaction] Enabling voicechat_interaction v1.0.3
[14:03:01] [Server thread/INFO]: [voicechat_interaction] Configuration loaded successfully
[14:03:01] [Server thread/INFO]: [voicechat_interaction] Successfully registered voicechat_interaction event bridge
[14:03:01] [Server thread/INFO]: [voicechat_interaction] Commands registered successfully
[14:03:01] [Server thread/INFO]: [voicechat_interaction] VoiceChat Interaction plugin successfully enabled!
[14:03:01] [Server thread/INFO]: [Chunky] Enabling Chunky v1.4.40
[14:03:01] [Server thread/INFO]: [SmartBackpacks] Enabling SmartBackpacks v0.1
[14:03:01] [Server thread/WARN]: [SmartBackpacks] Could not save messages.yml to plugins/SmartBackpacks/messages.yml because messages.yml already exists.
[14:03:01] [Server thread/INFO]:             ===============================
[14:03:01] [Server thread/INFO]:                            
[14:03:01] [Server thread/INFO]:                  SmartBackpacks [0.1]
[14:03:01] [Server thread/INFO]:  Customizable backpacks with permission-based access.
[14:03:01] [Server thread/INFO]:                   Loaded: 2 backpacks
[14:03:01] [Server thread/INFO]:                            
[14:03:01] [Server thread/INFO]:             ===============================
[14:03:01] [Server thread/INFO]: [AdvancedServerList] Enabling AdvancedServerList v5.7.2
[14:03:01] [Server thread/INFO]: [AdvancedServerList] Registering internal Placeholders...
[14:03:01] [Server thread/INFO]: [AdvancedServerList] Starting AdvancedServerList v5.7.2...
[14:03:01] [Server thread/INFO]: [AdvancedServerList]      __      _______ ___
[14:03:01] [Server thread/INFO]: [AdvancedServerList]     /\ \    / ____|_| | |
[14:03:01] [Server thread/INFO]: [AdvancedServerList]    /  \ \  | (_(___ | | |
[14:03:01] [Server thread/INFO]: [AdvancedServerList]   / /\ \ \  \___ \ \| | |
[14:03:01] [Server thread/INFO]: [AdvancedServerList]  / ____ \ \ ____) | | |_|____
[14:03:01] [Server thread/INFO]: [AdvancedServerList] /_/_/  \_\_\_____/_/|______|_|
[14:03:01] [Server thread/INFO]: [AdvancedServerList] 
[14:03:01] [Server thread/INFO]: [AdvancedServerList] Platform: Purpur (ID: purpurmc:purpur, Version: 1.21.10, Build: 2535)
[14:03:01] [Server thread/INFO]: [AdvancedServerList] 
[14:03:01] [Server thread/INFO]: [AdvancedServerList] [-] Loading profiles...
[14:03:02] [Server thread/INFO]: [AdvancedServerList] [✓] Successfully loaded 1 profile(s)!
[14:03:02] [Server thread/INFO]: [AdvancedServerList] [-] Loading local images as Favicons...
[14:03:02] [Server thread/INFO]: [AdvancedServerList] [✓] Loaded 0 local Favicon(s).
[14:03:02] [Server thread/INFO]: [AdvancedServerList] [✓] Loaded Command /advancedserverlist!
[14:03:02] [Server thread/INFO]: [AdvancedServerList] [✓] Loaded 6 players into cache!
[14:03:02] [Server thread/INFO]: [AdvancedServerList] [✓] AdvancedServerList is ready!
[14:03:02] [AdvancedServerList-UpdateThread/INFO]: [AdvancedServerList] [-] Looking for an update...
[14:03:02] [Server thread/INFO]: [SuperVanish] Enabling SuperVanish v6.2.21
[14:03:02] [Server thread/INFO]: [SuperVanish] Hooked into PaperSpigot for server list ping support
[14:03:02] [Server thread/INFO]: [ItemsAdder] Enabling ItemsAdder v4.0.15
[14:03:02] [ForkJoinPool.commonPool-worker-1/INFO]: [AdvancedServerList] [✓] You are running the latest version!
[14:03:02] [Server thread/WARN]: ItemsAdder) Using default server address: . Consider setting it in the `config.yml`
[14:03:02] [Server thread/WARN]: ItemsAdder) Using default server port: 25565. Consider setting it in the `config.yml`
[14:03:02] [Server thread/INFO]: ItemsAdder) 
                                                   ItemsAdder 4.0.15
  ___  ___        __        __   __   ___  __      ProtocolLib 5.4.0
|  |  |__   |\/| /__`  /\  |  \ |  \ |__  |__)     Purpur 1.21.10-2535-0a2dc04 (MC: 1.21.10)
|  |  |___  |  | .__/ /--\ |__/ |__/ |___ |  \     Build Date: 2025-11-07_18.11.08
                                                   Java Version: 25.0.1
                                                   OS: Linux 6.8.0-1030-azure                                               
[14:03:02] [Server thread/INFO]: [ItemsAdder] Loading GlowingEntities API
[14:03:02] [Server thread/INFO]: [GlowingEntities] [GlowingEntities] Found server version 1.21.10
[14:03:02] [Server thread/INFO]: [GlowingEntities] [GlowingEntities] Loaded transparent mappings.
[14:03:02] [Server thread/WARN]: ItemsAdder) 
[14:03:02] [Server thread/WARN]: ItemsAdder) ViaVersion detected.
[14:03:02] [Server thread/WARN]: ItemsAdder) Joining via different game versions can cause issues and some are not fixable due to game limitations.
[14:03:02] [Server thread/WARN]: ItemsAdder) Make sure that you are aware of these limitations before reporting issues.
[14:03:02] [Server thread/WARN]: ItemsAdder) Info: https://a.devs.beer/ia-via-load
[14:03:02] [Server thread/WARN]: ItemsAdder) 
[14:03:06] [Server thread/WARN]: ItemsAdder) Failed to add font glypth entry. Vanilla resource 'assets/minecraft/textures/item/spawn_egg.png' doesn't exists. File: /contents/mcemojis/emojis.yml
[14:03:06] [Server thread/WARN]: ItemsAdder) Failed to add font glypth entry. Vanilla resource 'assets/minecraft/textures/item/spawn_egg_overlay.png' doesn't exists. File: /contents/mcemojis/emojis.yml
[14:03:08] [Server thread/INFO]: [emotecraft] Enabling emotecraft v3.2.0-b.build.142
[14:03:08] [Server thread/INFO]: [TAB] Enabling TAB v5.5.0
[14:03:08] [Server thread/INFO]: [TAB] Enabled in 349ms
[14:03:08] [Server thread/INFO]: [SmartMoving] Enabling SmartMoving vEOL
[14:03:08] [Server thread/INFO]: §x§9§b§a§8§3§2[§x§9§b§a§8§3§a §x§9§b§a§8§4§2S§x§9§b§a§8§4§am§x§9§b§a§8§5§2a§x§9§b§a§8§5§ar§x§9§b§a§8§6§2t§x§9§b§a§8§6§aM§x§9§b§a§8§7§2o§x§9§b§a§8§7§av§x§9§b§a§8§8§2i§x§9§b§a§8§8§an§x§9§b§a§8§9§2g§x§9§b§a§8§9§a §x§9§b§a§8§a§2] §aEnable§f!
[14:03:09] [Server thread/INFO]: [spark] Starting background profiler...
[14:03:09] [Server thread/INFO]: Running delayed init tasks
[14:03:10] [ForkJoinPool.commonPool-worker-2/INFO]: [ModelEngine] [A] 
[14:03:10] [ForkJoinPool.commonPool-worker-2/INFO]: [ModelEngine] [A] [Importing models]
[14:03:10] [ForkJoinPool.commonPool-worker-2/INFO]: [ModelEngine] [A] Loading cache version: R4.0.8
[14:03:10] [Craft Scheduler Thread - 8 - ViaVersion/INFO]: [ViaVersion] Finished mapping loading, shutting down loader executor.
[14:03:10] [Server thread/INFO]: Done (55.032s)! For help, type "help"
[14:03:10] [Server thread/INFO]: [voicechat] Loading plugins
[14:03:10] [Server thread/INFO]: [voicechat] Loaded 1 plugin(s)
[14:03:10] [Server thread/INFO]: [voicechat] Initializing plugins
[14:03:10] [Server thread/INFO]: [voicechat] Initialized 1 plugin(s)
[14:03:10] [Server thread/INFO]: [voicechat] Registering events for 'voicechat_interaction'
[14:03:10] [Server thread/WARN]: [voicechat] Running in offline mode - Voice chat encryption is not secure!
[14:03:10] [Craft Scheduler Thread - 8 - ItemsAdder/WARN]: [org.bukkit.craftbukkit.legacy.CraftLegacy] Initializing Legacy Material Support. Unless you have legacy plugins and/or data this is a bug!
[14:03:10] [Craft Scheduler Thread - 10 - ItemsAdder/INFO]: ItemsAdder) [License] Spigot product licensed to: WendigoXDZ (2342655)
[14:03:10] [Server thread/INFO]: [voicechat_interaction] Voice chat server integration established
[14:03:10] [VoiceChatServerThread/INFO]: [voicechat] Voice host is 'wireless-sick.gl.at.ply.gg'
[14:03:10] [VoiceChatServerThread/INFO]: [voicechat] Voice chat server started at port 32697
[14:03:10] [pool-18-thread-1/INFO]: [ModelEngine] [A] 
[14:03:10] [pool-18-thread-1/INFO]: [ModelEngine] [A] Importing internal_fire.bbmodel.
[14:03:10] [Server thread/INFO]: [ViaVersion] You are running a development version of the plugin, please report any bugs to GitHub.
[14:03:10] [pool-18-thread-4/INFO]: [ModelEngine] [A] 
[14:03:10] [pool-18-thread-4/INFO]: [ModelEngine] [A] Resource pack zipped.
[14:03:10] [pool-18-thread-4/INFO]: [ModelEngine] [A] Generator Profiled:
[14:03:10] [pool-18-thread-4/INFO]: [ModelEngine] [A]  - Import Phase: 225.6ms
[14:03:10] [pool-18-thread-4/INFO]: [ModelEngine] [A]  - Assets Phase: 69.4ms
[14:03:10] [pool-18-thread-4/INFO]: [ModelEngine] [A]  - Zipping Phase: 139.6ms
[14:03:15] [pool-21-thread-1/INFO]: [nAntiBot] [Captcha] Captchas generated successfully. (RAM usage ≃ 8 MB [static only], total = 500, protocol count = 51, threads = 4, took 24.40s)
[14:03:23] [Craft Scheduler Thread - 8 - ItemsAdder/ERROR]: ItemsAdder) Particle DRAGON_BREATH for action play_particle of item iasurvival:end_sword is currently not supported by the plugin.
[14:03:23] [Craft Scheduler Thread - 8 - ItemsAdder/ERROR]: ItemsAdder) Particle DRAGON_BREATH for action play_particle of item iasurvival:end_sword is currently not supported by the plugin.
[14:03:23] [Craft Scheduler Thread - 8 - ItemsAdder/INFO]: ItemsAdder) [Content] Loaded 458 items
[14:03:23] [Craft Scheduler Thread - 8 - ItemsAdder/INFO]: ItemsAdder) Used Blocks IDs:
[14:03:23] [Craft Scheduler Thread - 8 - ItemsAdder/INFO]: ItemsAdder)  - REAL 0/188
[14:03:23] [Craft Scheduler Thread - 8 - ItemsAdder/INFO]: ItemsAdder)  - REAL_NOTE 29/750
[14:03:23] [Craft Scheduler Thread - 8 - ItemsAdder/INFO]: ItemsAdder)  - REAL_TRANSPARENT 0/63
[14:03:23] [Craft Scheduler Thread - 8 - ItemsAdder/INFO]: ItemsAdder) Used Font Images: 589/6608
[14:03:23] [Craft Scheduler Thread - 8 - ItemsAdder/INFO]: ItemsAdder) [Content] Loaded 35 categories
[14:03:23] [Craft Scheduler Thread - 8 - ItemsAdder/INFO]: ItemsAdder) [Content] Contents loaded successfully!
[14:03:24] [Craft Scheduler Thread - 8 - ItemsAdder/INFO]: ItemsAdder) [Pack] Resourcepack URL is valid (lobfile). URL: https://lobfile.com/file/aAJgY8cX.zip
[14:03:24] [Craft Scheduler Thread - 8 - ItemsAdder/INFO]: ItemsAdder) ResourcePack
[14:03:24] [Craft Scheduler Thread - 8 - ItemsAdder/INFO]: ItemsAdder)  - Path: /server/plugins/ItemsAdder/output/generated.zip
[14:03:24] [Craft Scheduler Thread - 8 - ItemsAdder/INFO]: ItemsAdder)  - Download: https://lobfile.com/file/aAJgY8cX.zip
[14:03:24] [Craft Scheduler Thread - 8 - ItemsAdder/INFO]: ItemsAdder)  - Size: 2 MB/250 MB (1%)
[14:03:24] [Server thread/INFO]: [Mythic] Reloading plugin...
[14:03:24] [Server thread/INFO]: [MythicMobs] Saving plugin data...
[14:03:24] [Server thread/INFO]: [MythicMobs] ✓Saving Finished
[14:03:24] [Server thread/INFO]: [MythicMobs] Loading Packs...
[14:03:24] [Server thread/INFO]: [MythicMobs] Loading Items...
[14:03:24] [Server thread/INFO]: [MythicMobs] Loading Item Groups...
[14:03:24] [Server thread/INFO]: [MythicMobs] All items loaded after 3ms!
[14:03:24] [Server thread/INFO]: [MythicMobs] Loading Skills...
[14:03:25] [Server thread/INFO]: [MythicMobs] Loading Drop Tables...
[14:03:25] [Server thread/INFO]: [MythicMobs] Loading Random Spawns...
[14:03:25] [Server thread/INFO]: [MythicMobs] Loading Spawn Blocks...
[14:03:25] [Server thread/INFO]: [MythicMobs] Second passes loaded after 1ms!
[14:03:25] [Server thread/INFO]: [MythicMobs] ✓ Loaded 13 mobs.
[14:03:25] [Server thread/INFO]: [MythicMobs] ✓ Loaded 6 vanilla mob overrides.
[14:03:25] [Server thread/INFO]: [MythicMobs] ✓ Loaded 0 mob stacks.
[14:03:25] [Server thread/INFO]: [MythicMobs] ✓ Loaded 3 skills.
[14:03:25] [Server thread/INFO]: [MythicMobs] ✓ Loaded 14 random spawns.
[14:03:25] [Server thread/INFO]: [MythicMobs] ✓ Loaded 3 mythic items.
[14:03:25] [Server thread/INFO]: [MythicMobs] ✓ Loaded 2 drop tables.
[14:03:25] [Server thread/INFO]: [MythicMobs] ✓ Loaded 0 mob spawners.
[14:03:25] [Server thread/INFO]: [Mythic] Mythic has finished reloading!
[14:03:25] [Server thread/INFO]: [MythicMobs] Mythic has finished reloading!
[14:03:49] [User Authenticator #0/INFO]: UUID of player The_GameplayerZ is 749f236f-1860-41f1-aece-ee7b00d03f77
[14:03:49] [Server thread/INFO]: [HorriblePlayerLoginEventHack] You have plugins listening to the PlayerLoginEvent, this will cause re-configuration APIs to be unavailable: [LuckPerms, SuperVanish, Maintenance, ProtocolLib]
[14:04:03] [Server thread/INFO]: Environment: Environment[sessionHost=https://sessionserver.mojang.com, servicesHost=https://api.minecraftservices.com, profilesHost=https://api.mojang.com, name=PROD]
[14:04:03] [TAB Processing Thread/INFO]: [TAB] [WARN] Player The_GameplayerZ's group (dono) is not in sorting list! Sorting list: owner,admin,mod,helper,builder,vip,default. Player will be sorted on the bottom.
[14:04:03] [Server thread/INFO]: The_GameplayerZ joined the game
[14:04:03] [Server thread/INFO]: The_GameplayerZ[/127.112.128.213:38163] logged in with entity id 163 at ([world]252.1621757297756, 72.0, -280.51054367438434)
[14:04:03] [Folia Async Scheduler Thread #0/INFO]: [nLogin] The user The_GameplayerZ has successfully logged in.
[14:04:04] [Server thread/INFO]: [voicechat] Received secret request of The_GameplayerZ (20)
[14:04:04] [Server thread/INFO]: [voicechat] Sent secret to The_GameplayerZ
[14:04:04] [Server thread/WARN]: [emotecraft] Plugin emotecraft v3.2.0-b.build.142 generated an exception whilst handling plugin message
java.lang.ExceptionInInitializerError: null
	at emotecraft-paper-for-MC1.21.11-3.2.0-b.build.142.jar/io.github.kosmx.emotes.server.network.AbstractServerEmotePlay.presenceResponse(AbstractServerEmotePlay.java:155) ~[emotecraft-paper-for-MC1.21.11-3.2.0-b.build.142.jar:?]
	at emotecraft-paper-for-MC1.21.11-3.2.0-b.build.142.jar/io.github.kosmx.emotes.bukkit.network.BukkitNetworkInstance.presenceResponse(BukkitNetworkInstance.java:57) ~[emotecraft-paper-for-MC1.21.11-3.2.0-b.build.142.jar:?]
	at emotecraft-paper-for-MC1.21.11-3.2.0-b.build.142.jar/io.github.kosmx.emotes.server.network.AbstractServerEmotePlay.receiveMessage(AbstractServerEmotePlay.java:46) ~[emotecraft-paper-for-MC1.21.11-3.2.0-b.build.142.jar:?]
	at emotecraft-paper-for-MC1.21.11-3.2.0-b.build.142.jar/io.github.kosmx.emotes.server.network.AbstractServerEmotePlay.receiveMessage(AbstractServerEmotePlay.java:34) ~[emotecraft-paper-for-MC1.21.11-3.2.0-b.build.142.jar:?]
	at emotecraft-paper-for-MC1.21.11-3.2.0-b.build.142.jar/io.github.kosmx.emotes.bukkit.network.ServerSideEmotePlay.onPluginMessageReceived(ServerSideEmotePlay.java:38) ~[emotecraft-paper-for-MC1.21.11-3.2.0-b.build.142.jar:?]
	at org.bukkit.plugin.messaging.StandardMessenger.dispatchIncomingMessage(StandardMessenger.java:484) ~[purpur-api-1.21.10-R0.1-SNAPSHOT.jar:?]
	at net.minecraft.server.network.ServerCommonPacketListenerImpl.handleCustomPayload(ServerCommonPacketListenerImpl.java:209) ~[purpur-1.21.10.jar:1.21.10-2535-0a2dc04]
	at net.minecraft.server.network.ServerGamePacketListenerImpl.handleCustomPayload(ServerGamePacketListenerImpl.java:3689) ~[purpur-1.21.10.jar:1.21.10-2535-0a2dc04]
	at net.minecraft.network.protocol.common.ServerboundCustomPayloadPacket.handle(ServerboundCustomPayloadPacket.java:28) ~[purpur-1.21.10.jar:1.21.10-2535-0a2dc04]
	at net.minecraft.network.protocol.common.ServerboundCustomPayloadPacket.handle(ServerboundCustomPayloadPacket.java:13) ~[purpur-1.21.10.jar:1.21.10-2535-0a2dc04]
	at net.minecraft.network.PacketProcessor$ListenerAndPacket.handle(PacketProcessor.java:99) ~[purpur-1.21.10.jar:1.21.10-2535-0a2dc04]
	at net.minecraft.network.PacketProcessor.executeSinglePacket(PacketProcessor.java:33) ~[purpur-1.21.10.jar:1.21.10-2535-0a2dc04]
	at net.minecraft.server.MinecraftServer.pollTask(MinecraftServer.java:1538) ~[purpur-1.21.10.jar:1.21.10-2535-0a2dc04]
	at net.minecraft.server.MinecraftServer.recordTaskExecutionTimeWhileWaiting(MinecraftServer.java:1244) ~[purpur-1.21.10.jar:1.21.10-2535-0a2dc04]
	at net.minecraft.server.MinecraftServer.runServer(MinecraftServer.java:1379) ~[purpur-1.21.10.jar:1.21.10-2535-0a2dc04]
	at net.minecraft.server.MinecraftServer.lambda$spin$2(MinecraftServer.java:388) ~[purpur-1.21.10.jar:1.21.10-2535-0a2dc04]
	at java.base/java.lang.Thread.run(Thread.java:1474) ~[?:?]
Caused by: java.lang.NullPointerException: Cannot invoke "io.github.kosmx.emotes.server.config.Serializer.readConfig()" because "io.github.kosmx.emotes.server.config.Serializer.INSTANCE" is null
	at emotecraft-paper-for-MC1.21.11-3.2.0-b.build.142.jar/io.github.kosmx.emotes.server.config.Serializer.getConfig(Serializer.java:105) ~[emotecraft-paper-for-MC1.21.11-3.2.0-b.build.142.jar:?]
	at emotecraft-paper-for-MC1.21.11-3.2.0-b.build.142.jar/io.github.kosmx.emotes.server.serializer.type.impl.QuarkReaderWrapper.isActive(QuarkReaderWrapper.java:32) ~[emotecraft-paper-for-MC1.21.11-3.2.0-b.build.142.jar:?]
	at emotecraft-paper-for-MC1.21.11-3.2.0-b.build.142.jar/io.github.kosmx.emotes.common.tools.ServiceLoaderUtil.lambda$loadServices$0(ServiceLoaderUtil.java:28) ~[emotecraft-paper-for-MC1.21.11-3.2.0-b.build.142.jar:?]
	at java.base/java.util.stream.ReferencePipeline$2$1.accept(ReferencePipeline.java:196) ~[?:?]
	at java.base/java.util.stream.ReferencePipeline$3$1.accept(ReferencePipeline.java:214) ~[?:?]
	at java.base/java.util.ServiceLoader$ProviderSpliterator.tryAdvance(ServiceLoader.java:1352) ~[?:?]
	at java.base/java.util.Spliterator.forEachRemaining(Spliterator.java:332) ~[?:?]
	at java.base/java.util.stream.AbstractPipeline.copyInto(AbstractPipeline.java:570) ~[?:?]
	at java.base/java.util.stream.AbstractPipeline.wrapAndCopyInto(AbstractPipeline.java:560) ~[?:?]
	at java.base/java.util.stream.AbstractPipeline.evaluate(AbstractPipeline.java:635) ~[?:?]
	at java.base/java.util.stream.AbstractPipeline.evaluateToArrayNode(AbstractPipeline.java:291) ~[?:?]
	at java.base/java.util.stream.ReferencePipeline.toArray(ReferencePipeline.java:652) ~[?:?]
	at java.base/java.util.stream.ReferencePipeline.toArray(ReferencePipeline.java:658) ~[?:?]
	at java.base/java.util.stream.ReferencePipeline.toList(ReferencePipeline.java:663) ~[?:?]
	at emotecraft-paper-for-MC1.21.11-3.2.0-b.build.142.jar/io.github.kosmx.emotes.server.serializer.UniversalEmoteSerializer.<clinit>(UniversalEmoteSerializer.java:24) ~[emotecraft-paper-for-MC1.21.11-3.2.0-b.build.142.jar:?]
	... 17 more
[14:04:05] [VoiceChatPacketProcessingThread/INFO]: [voicechat] Successfully authenticated player 749f236f-1860-41f1-aece-ee7b00d03f77
[14:04:06] [VoiceChatPacketProcessingThread/INFO]: [voicechat] Successfully validated connection of player 749f236f-1860-41f1-aece-ee7b00d03f77
[14:04:06] [VoiceChatPacketProcessingThread/INFO]: [voicechat] Player The_GameplayerZ (749f236f-1860-41f1-aece-ee7b00d03f77) successfully connected to voice chat
[14:04:20] [Server thread/INFO]: The_GameplayerZ issued server command: /time set 0
[14:04:20] [Server thread/INFO]: [The_GameplayerZ: Set the time to 0]
[14:05:08] [Server thread/INFO]: The_GameplayerZ issued server command: /kill 6622ea69-290b-40bc-be74-3d3794615575
[15:21:42] [Server thread/INFO]: The_GameplayerZ issued server command: /luckperms editor
[15:23:51] [luckperms-worker-10/INFO]: [LP] LOG > (The_GameplayerZ) [G] (default)
[15:23:51] [luckperms-worker-10/INFO]: [LP] LOG > webeditor add faction.neutral true
[15:23:51] [luckperms-worker-10/INFO]: [LP] LOG > (The_GameplayerZ) [U] (the_gameplayerz)
[15:23:51] [luckperms-worker-10/INFO]: [LP] LOG > webeditor add group.default true
[15:23:51] [luckperms-worker-10/INFO]: [LP] LOG > (The_GameplayerZ) [U] (the_gameplayerz)
[15:23:51] [luckperms-worker-10/INFO]: [LP] LOG > webeditor remove group.dono true
[15:27:19] [Server thread/INFO]: The_GameplayerZ issued server command: /mythicmobs reload
[15:27:19] [Server thread/INFO]: [MythicMobs] Saving plugin data...
[15:27:19] [Server thread/INFO]: [MythicMobs] ✓Saving Finished
[15:27:19] [Server thread/INFO]: [MythicMobs] Loading Packs...
[15:27:19] [Server thread/INFO]: [MythicMobs] Loading Items...
[15:27:19] [Server thread/INFO]: [MythicMobs] Loading Item Groups...
[15:27:19] [Server thread/INFO]: [MythicMobs] All items loaded after 6ms!
[15:27:19] [Server thread/INFO]: [MythicMobs] Loading Skills...
[15:27:19] [Server thread/INFO]: [MythicMobs] Loading Drop Tables...
[15:27:19] [Server thread/INFO]: [MythicMobs] Loading Random Spawns...
[15:27:19] [Server thread/INFO]: [MythicMobs] Loading Spawn Blocks...
[15:27:19] [Server thread/INFO]: [MythicMobs] Second passes loaded after 2ms!
[15:27:19] [Server thread/INFO]: [MythicMobs] ✓ Loaded 13 mobs.
[15:27:19] [Server thread/INFO]: [MythicMobs] ✓ Loaded 6 vanilla mob overrides.
[15:27:19] [Server thread/INFO]: [MythicMobs] ✓ Loaded 0 mob stacks.
[15:27:19] [Server thread/INFO]: [MythicMobs] ✓ Loaded 3 skills.
[15:27:19] [Server thread/INFO]: [MythicMobs] ✓ Loaded 14 random spawns.
[15:27:19] [Server thread/INFO]: [MythicMobs] ✓ Loaded 3 mythic items.
[15:27:19] [Server thread/INFO]: [MythicMobs] ✓ Loaded 2 drop tables.
[15:27:19] [Server thread/INFO]: [MythicMobs] ✓ Loaded 0 mob spawners.
[15:27:19] [Server thread/INFO]: [MythicMobs] Mythic has finished reloading!
[15:55:38] [Server thread/INFO]: The_GameplayerZ lost connection: Disconnected
[15:55:38] [Server thread/INFO]: [voicechat] Disconnecting client The_GameplayerZ
[15:55:38] [Server thread/INFO]: The_GameplayerZ left the game
[15:55:44] [Server thread/INFO]: Stopping the server
[15:55:44] [Server thread/INFO]: Stopping server
[15:55:45] [Server thread/INFO]: [SmartMoving] Disabling SmartMoving vEOL
[15:55:45] [Server thread/INFO]: §x§9§b§a§8§3§2[§x§9§b§a§8§3§a §x§9§b§a§8§4§2S§x§9§b§a§8§4§am§x§9§b§a§8§5§2a§x§9§b§a§8§5§ar§x§9§b§a§8§6§2t§x§9§b§a§8§6§aM§x§9§b§a§8§7§2o§x§9§b§a§8§7§av§x§9§b§a§8§8§2i§x§9§b§a§8§8§an§x§9§b§a§8§9§2g§x§9§b§a§8§9§a §x§9§b§a§8§a§2] §cDisable§f!
[15:55:45] [Server thread/INFO]: [TAB] Disabling TAB v5.5.0
[15:55:45] [Server thread/INFO]: [TAB] Disabled in 0ms
[15:55:45] [Server thread/INFO]: [emotecraft] Disabling emotecraft v3.2.0-b.build.142
[15:55:45] [Server thread/WARN]: [Emotecraft] Emotecraft does not support disabling by PlugMan and similar plugins
[15:55:45] [Server thread/INFO]: [ItemsAdder] Disabling ItemsAdder v4.0.15
[15:55:45] [Server thread/INFO]: [SuperVanish] Disabling SuperVanish v6.2.21
[15:55:45] [Server thread/INFO]: [AdvancedServerList] Disabling AdvancedServerList v5.7.2
[15:55:45] [Server thread/INFO]: [AdvancedServerList] [-] Saving playercache.json file...
[15:55:45] [Server thread/INFO]: [AdvancedServerList] [✓] Successfully saved playercache.json file.
[15:55:45] [Server thread/INFO]: [AdvancedServerList] [-] Disabling Update Checker...
[15:55:45] [Server thread/INFO]: [AdvancedServerList] [✓] AdvancedServerList disabled!
[15:55:45] [Server thread/INFO]: [nAntiBot] Disabling nAntiBot v2.0.5
[15:55:45] [Server thread/INFO]: [nAntiBot] Successful plugin core shutdown (took 0.00s)
[15:55:45] [Server thread/INFO]: [nAntiBot] Disconnecting from remote server...
[15:55:47] [Server thread/INFO]: [nLogin] Disabling nLogin v2.0.11
[15:55:47] [Server thread/INFO]: [nLogin] Successful plugin core shutdown (took 0.00s)
[15:55:47] [Server thread/INFO]: [SmartBackpacks] Disabling SmartBackpacks v0.1
[15:55:47] [Server thread/INFO]: [Chunky] Disabling Chunky v1.4.40
[15:55:47] [luckperms-worker-10/WARN]: [LuckPerms] Exception occurred handling message from socket
java.lang.IllegalStateException: The plugin classloader for SmartBackpacks has thrown a zip file error.
	at org.bukkit.plugin.java.PluginClassLoader.findClass(PluginClassLoader.java:228) ~[purpur-api-1.21.10-R0.1-SNAPSHOT.jar:?]
	at java.base/java.lang.ClassLoader.loadClass(ClassLoader.java:557) ~[?:?]
	at org.bukkit.plugin.java.PluginClassLoader.loadClass0(PluginClassLoader.java:180) ~[purpur-api-1.21.10-R0.1-SNAPSHOT.jar:?]
	at org.bukkit.plugin.java.PluginClassLoader.loadClass(PluginClassLoader.java:155) ~[purpur-api-1.21.10-R0.1-SNAPSHOT.jar:?]
	at io.papermc.paper.plugin.entrypoint.classloader.group.SpigotPluginClassLoaderGroup.lookupClass(SpigotPluginClassLoaderGroup.java:43) ~[purpur-1.21.10.jar:1.21.10-2535-0a2dc04]
	at io.papermc.paper.plugin.entrypoint.classloader.group.SimpleListPluginClassLoaderGroup.getClassByName(SimpleListPluginClassLoaderGroup.java:37) ~[purpur-1.21.10.jar:1.21.10-2535-0a2dc04]
	at io.papermc.paper.plugin.entrypoint.classloader.group.LockingClassLoaderGroup.getClassByName(LockingClassLoaderGroup.java:34) ~[purpur-1.21.10.jar:1.21.10-2535-0a2dc04]
	at org.bukkit.plugin.java.PluginClassLoader.loadClass0(PluginClassLoader.java:198) ~[purpur-api-1.21.10-R0.1-SNAPSHOT.jar:?]
	at org.bukkit.plugin.java.PluginClassLoader.loadClass(PluginClassLoader.java:175) ~[purpur-api-1.21.10-R0.1-SNAPSHOT.jar:?]
	at java.base/java.lang.ClassLoader.loadClass(ClassLoader.java:544) ~[?:?]
	at java.base/java.lang.ClassLoader.loadClass(ClassLoader.java:490) ~[?:?]
	at me.lucko.luckperms.lib.caffeine.cache.BoundedLocalCache.values(BoundedLocalCache.java:3010) ~[?:?]
	at me.lucko.luckperms.common.webeditor.store.WebEditorSocketMap.removeSocket(WebEditorSocketMap.java:50) ~[?:?]
	at me.lucko.luckperms.common.webeditor.socket.WebEditorSocket.closeSocket(WebEditorSocket.java:217) ~[?:?]
	at me.lucko.luckperms.common.webeditor.socket.WebEditorSocket.close(WebEditorSocket.java:212) ~[?:?]
	at me.lucko.luckperms.common.webeditor.socket.listener.WebEditorSocketListener.shouldIgnoreMessages(WebEditorSocketListener.java:110) ~[?:?]
	at me.lucko.luckperms.common.webeditor.socket.listener.WebEditorSocketListener.lambda$onMessage$0(WebEditorSocketListener.java:86) ~[?:?]
	at java.base/java.util.concurrent.ForkJoinTask$RunnableExecuteAction.compute(ForkJoinTask.java:1750) ~[?:?]
	at java.base/java.util.concurrent.ForkJoinTask$RunnableExecuteAction.compute(ForkJoinTask.java:1742) ~[?:?]
	at java.base/java.util.concurrent.ForkJoinTask$InterruptibleTask.exec(ForkJoinTask.java:1659) ~[?:?]
	at java.base/java.util.concurrent.ForkJoinTask.doExec(ForkJoinTask.java:511) ~[?:?]
	at java.base/java.util.concurrent.ForkJoinPool$WorkQueue.topLevelExec(ForkJoinPool.java:1450) ~[?:?]
	at java.base/java.util.concurrent.ForkJoinPool.runWorker(ForkJoinPool.java:2019) ~[?:?]
	at java.base/java.util.concurrent.ForkJoinWorkerThread.run(ForkJoinWorkerThread.java:187) ~[?:?]
Caused by: java.lang.IllegalStateException: zip file closed
	at java.base/java.util.zip.ZipFile.ensureOpen(ZipFile.java:826) ~[?:?]
	at java.base/java.util.zip.ZipFile.getEntry(ZipFile.java:290) ~[?:?]
	at java.base/java.util.jar.JarFile.getEntry(JarFile.java:505) ~[?:?]
	at java.base/java.util.jar.JarFile.getJarEntry(JarFile.java:460) ~[?:?]
	at org.bukkit.plugin.java.PluginClassLoader.findClass(PluginClassLoader.java:223) ~[purpur-api-1.21.10-R0.1-SNAPSHOT.jar:?]
	... 23 more
[15:55:47] [Server thread/INFO]: [SkinsRestorer] Disabling SkinsRestorer v15.9.3
[15:55:47] [Server thread/INFO]: [voicechat_interaction] Disabling voicechat_interaction v1.0.3
[15:55:47] [Server thread/INFO]: [voicechat_interaction] Successfully unregistered voicechat_interaction event bridge
[15:55:47] [Server thread/INFO]: [ClickShop] Disabling ClickShop v1.0.2
[15:55:47] [Server thread/INFO]: [ClickShop] ClickShop deactivated.
[15:55:47] [Server thread/INFO]: [PurpurExtras] Disabling PurpurExtras v1.37.0
[15:55:47] [Server thread/INFO]: [InvSee++] Disabling InvSeePlusPlus v0.30.15
[15:55:47] [Server thread/INFO]: [ModelEngine] Disabling ModelEngine vR4.0.9
[15:55:47] [Server thread/INFO]: [Maintenance] Disabling Maintenance v4.3.0
[15:55:47] [Server thread/INFO]: [voicechat] Disabling voicechat v2.6.11
[15:55:47] [Server thread/INFO]: [MythicMobs] Disabling MythicMobs v5.11.1-de409cac
[15:55:47] [Server thread/INFO]: [MythicMobs] ------------------------------------------------------------
[15:55:47] [Server thread/INFO]: [MythicMobs] - 
[15:55:47] [Server thread/INFO]: [MythicMobs] - Unloading Mythic...
[15:55:47] [Server thread/INFO]: [MythicMobs] - 
[15:55:47] [Server thread/INFO]: [MythicMobs] ------------------------------------------------------------
[15:55:47] [Server thread/INFO]: [MythicMobs] - Spawners saved and unloaded...
[15:55:47] [Server thread/INFO]: [MythicMobs] - Mobs saved and unloaded...
[15:55:47] [Server thread/INFO]: [MythicMobs] Saving plugin data...
[15:55:47] [Server thread/INFO]: [MythicMobs] ✓Saving Finished
[15:55:47] [Server thread/INFO]: [MythicMobs] - Variables saved...
[15:55:47] [Server thread/INFO]: [MythicMobs] - All active settings have been saved!
[15:55:47] [Server thread/INFO]: [MythicMobs] - Mythic has been unloaded!
[15:55:47] [Server thread/INFO]: [MythicMobs] ------------------------------------------------------------
[15:55:47] [Server thread/INFO]: [MythicMobs] Saving plugin data...
[15:55:47] [Server thread/INFO]: [MythicMobs] ✓Saving Finished
[15:55:47] [Server thread/INFO]: [LuckPerms] Disabling LuckPerms v5.5.17
[15:55:47] [Server thread/INFO]: [LuckPerms] Starting shutdown process...
[15:55:47] [Server thread/INFO]: [LuckPerms] Closing storage...
[15:55:47] [Server thread/INFO]: [LuckPerms] Goodbye!
[15:55:47] [Server thread/INFO]: [LibsDisguises] Disabling LibsDisguises v11.0.14
[15:55:47] [Server thread/INFO]: [packetevents] Disabling packetevents v2.11.2
[15:55:47] [Server thread/INFO]: [ViaBackwards] Disabling ViaBackwards v5.7.2-SNAPSHOT
[15:55:47] [Server thread/INFO]: [ProtocolLib] Disabling ProtocolLib v5.4.0
[15:55:47] [Server thread/INFO]: [ViaVersion] Disabling ViaVersion v5.7.2-SNAPSHOT
[15:55:47] [Server thread/INFO]: [ViaVersion] ViaVersion has been disabled; uninjected the platform and shut down the scheduler.
[15:55:47] [Server thread/INFO]: Saving players
[15:55:47] [Server thread/INFO]: Saving worlds
[15:55:47] [Server thread/INFO]: Saving chunks for level 'ServerLevel[world]'/minecraft:overworld
[15:55:47] [Server thread/INFO]: [ChunkHolderManager] Waiting 60s for chunk system to halt for world 'world'
[15:55:47] [Server thread/INFO]: [ChunkHolderManager] Halted chunk system for world 'world'
[15:55:47] [Server thread/INFO]: [ChunkHolderManager] Saving all chunkholders for world 'world'
[15:55:47] [Server thread/INFO]: [ChunkHolderManager] Saved 116 block chunks, 391 entity chunks, 0 poi chunks in world 'world' in 0.35s
[15:55:47] [Server thread/INFO]: [ChunkHolderManager] Waiting 60s for chunk I/O to halt for world 'world'
[15:55:47] [Server thread/INFO]: [ChunkHolderManager] Halted I/O scheduler for world 'world'
[15:55:47] [Server thread/INFO]: Saving chunks for level 'ServerLevel[world_nether]'/minecraft:the_nether
[15:55:47] [Server thread/INFO]: [ChunkHolderManager] Waiting 60s for chunk system to halt for world 'world_nether'
[15:55:47] [Server thread/INFO]: [ChunkHolderManager] Halted chunk system for world 'world_nether'
[15:55:47] [Server thread/INFO]: [ChunkHolderManager] Saving all chunkholders for world 'world_nether'
[15:55:47] [Server thread/INFO]: [ChunkHolderManager] Saved 0 block chunks, 0 entity chunks, 0 poi chunks in world 'world_nether' in 0.00s
[15:55:47] [Server thread/INFO]: [ChunkHolderManager] Waiting 60s for chunk I/O to halt for world 'world_nether'
[15:55:47] [Server thread/INFO]: [ChunkHolderManager] Halted I/O scheduler for world 'world_nether'
[15:55:47] [Server thread/INFO]: Saving chunks for level 'ServerLevel[world_the_end]'/minecraft:the_end
[15:55:47] [Server thread/INFO]: [ChunkHolderManager] Waiting 60s for chunk system to halt for world 'world_the_end'
[15:55:47] [Server thread/INFO]: [ChunkHolderManager] Halted chunk system for world 'world_the_end'
[15:55:47] [Server thread/INFO]: [ChunkHolderManager] Saving all chunkholders for world 'world_the_end'
[15:55:47] [Server thread/INFO]: [ChunkHolderManager] Saved 0 block chunks, 0 entity chunks, 0 poi chunks in world 'world_the_end' in 0.00s
[15:55:47] [Server thread/INFO]: [ChunkHolderManager] Waiting 60s for chunk I/O to halt for world 'world_the_end'
[15:55:47] [Server thread/INFO]: [ChunkHolderManager] Halted I/O scheduler for world 'world_the_end'
[15:55:47] [Server thread/INFO]: ThreadedAnvilChunkStorage (world): All chunks are saved
[15:55:47] [Server thread/INFO]: ThreadedAnvilChunkStorage (DIM-1): All chunks are saved
[15:55:47] [Server thread/INFO]: ThreadedAnvilChunkStorage (DIM1): All chunks are saved
[15:55:47] [Server thread/INFO]: ThreadedAnvilChunkStorage: All dimensions are saved
[15:55:47] [Server thread/INFO]: Waiting for all RegionFile I/O tasks to complete...
[15:55:47] [Server thread/INFO]: All RegionFile I/O tasks to complete
[15:55:47] [Server thread/INFO]: [MoonriseCommon] Awaiting termination of worker pool for up to 60s...
[15:55:47] [Server thread/INFO]: [MoonriseCommon] Awaiting termination of I/O pool for up to 60s...
