[2026/01/29 18:09:46 INFO]:           __             _       
[2026/01/29 18:09:46 INFO]:   _ __   / /  ___   __ _(_)_ __  
[2026/01/29 18:09:46 INFO]:  | '_ \ / /  / _ \ / _` | | '_ \ 
[2026/01/29 18:09:46 INFO]:  | | | / /__| (_) | (_| | | | | |
[2026/01/29 18:09:46 INFO]:  |_| |_\____/\___/ \__, |_|_| |_|
[2026/01/29 18:09:46 INFO]:                   |___/            
[2026/01/29 18:09:46 INFO]:  By: www.nickuc.com - V 2.0.11 DEV
[2026/01/29 18:09:46 INFO]:  
[2026/01/29 18:09:46 DEBUG]: The config.yml file was created successfully.
[2026/01/29 18:09:46 DEBUG]: Loading the messages_en.yml message file...
[2026/01/29 18:09:46 DEBUG]: Messages were loaded in 110 ms (single file).
[2026/01/29 18:09:46 DEBUG]: Settings were loaded in 207 ms.
[2026/01/29 18:09:46 DEBUG]: Loading database...
[2026/01/29 18:09:46 INFO]: Generating RSA keypair... (this may take a while)
[2026/01/29 18:09:47 INFO]: The RSA key pair was successfully generated. Took 1.17s
[2026/01/29 18:09:47 DEBUG]: Starting logger filter...
[2026/01/29 18:09:48 INFO]: Starting the OpeNLogin conversion...
[2026/01/29 18:09:48 WARN]: Initializing the OpeNLogin conversion
[2026/01/29 18:09:48 WARN]: Please do not shut down your server.
[2026/01/29 18:09:48 INFO]: OpeNLogin data has been successfully converted.
[2026/01/29 18:09:48 INFO]: No users have been converted ~ 0.07s
[2026/01/29 18:09:58 INFO]: 
[2026/01/29 18:09:58 INFO]:  Thank you so much for choosing nLogin! :)
[2026/01/29 18:09:58 INFO]: 
[2026/01/29 18:09:58 INFO]:  For your safety, please read the message below:
[2026/01/29 18:09:58 INFO]:   Never download nLogin from unknown sources.
[2026/01/29 18:09:58 INFO]:   A modified version may contain malicious software.
[2026/01/29 18:09:58 INFO]: 
[2026/01/29 18:09:58 INFO]:  Trusted sources:
[2026/01/29 18:09:58 INFO]:   Website: nickuc.com
[2026/01/29 18:09:58 INFO]:   GitHub: github.com/nickuc-com
[2026/01/29 18:09:58 INFO]:   OpeNLogin installer (from Spigot or GitHub)
[2026/01/29 18:09:58 INFO]: 
[2026/01/29 18:09:58 INFO]:  Official support:
[2026/01/29 18:09:58 INFO]:   Documentation: docs.nickuc.com/nlogin/
[2026/01/29 18:09:58 INFO]:   Discord: nickuc.com/discord
[2026/01/29 18:09:58 INFO]:   Email: support@nickuc.com
[2026/01/29 18:09:58 INFO]: 
[2026/01/29 18:10:41 DEBUG]: [SQLite] [UPDATE]: "INSERT INTO `nlogin` (`last_name`, `unique_id`, `mojang_id`, `bedrock_id`, `password`, `last_ip`, `creation_date`, `last_seen`, `email`, `discord`, `settings`) VALUES ('The_GameplayerZ', 749f236f186041f1aeceee7b00d03f77, 749f236f186041f1aeceee7b00d03f77, null, null, '127.131.212.220', '2026-01-29 18:10:41.165', '2026-01-29 18:10:41.165', null, null, '{"settings":[{"value":true,"key":"force-register-commands"},{"value":true,"key":"force-register-spawn"}],"version":0}')" (applied to all columns)
[2026/01/29 18:12:58 DEBUG]: Loading the messages_en.yml message file...
[2026/01/29 18:12:58 DEBUG]: Messages were loaded in 9 ms (single file).
[2026/01/29 18:12:58 DEBUG]: Settings were loaded in 13 ms.
[2026/01/29 18:13:37 DEBUG]: [SQLite] [UPDATE]: "UPDATE `nlogin` SET `last_name` = 'The_GameplayerZ', `unique_id` = 749f236f186041f1aeceee7b00d03f77,  `mojang_id` = 749f236f186041f1aeceee7b00d03f77,  `bedrock_id` = null,  `password` = '$argon2id$v=19$m=32768,t=5,p=1$crT62KIjYAwjAl09UR+UIw$zGdElMqQylxieAR5njz/QAk7snZX3LeqzoUG/gDPJac', `last_ip` = '127.131.212.220', `creation_date` = 2026-01-29 18:13:37.468, `last_seen` = 2026-01-29 18:13:37.468, `email` = null, `discord` = null, `settings` = '{"settings":[{"value":true,"key":"force-invalid-session"}],"version":0}' WHERE `ai` = 1" (applied to all columns)
[2026/01/29 18:13:37 INFO]: The user The_GameplayerZ has successfully registered.
[2026/01/29 18:14:12 DEBUG]: [SQLite] [UPDATE]: "UPDATE `nlogin` SET `last_name` = 'The_GameplayerZ', `unique_id` = 749f236f186041f1aeceee7b00d03f77,  `mojang_id` = 749f236f186041f1aeceee7b00d03f77,  `bedrock_id` = null,  `password` = '$argon2id$v=19$m=32768,t=5,p=1$crT62KIjYAwjAl09UR+UIw$zGdElMqQylxieAR5njz/QAk7snZX3LeqzoUG/gDPJac', `last_ip` = '127.131.212.220', `creation_date` = 2026-01-29 18:13:37.468, `last_seen` = 2026-01-29 18:14:12.355, `email` = null, `discord` = null, `settings` = '{"settings":[{"value":true,"key":"force-invalid-session"},{"value":"en","key":"language"}],"version":0}' WHERE `ai` = 1" (applied to [last_seen, settings] columns)
[2026/01/29 18:14:12 INFO]: Successful plugin core shutdown (took 0.00s)
